> Task :bff:compileJava UP-TO-DATE
> Task :bff:processResources UP-TO-DATE
> Task :bff:classes UP-TO-DATE
> Task :bff:resolveMainClassName UP-TO-DATE

> Task :bff:bootRun

  .   ____          _            __ _ _
 /\\ / ___'_ __ _ _(_)_ __  __ _ \ \ \ \
( ( )\___ | '_ | '_| | '_ \/ _` | \ \ \ \
 \\/  ___)| |_)| | | | | || (_| |  ) ) ) )
  '  |____| .__|_| |_|_| |_\__, | / / / /
 =========|_|==============|___/=/_/_/_/

 :: Spring Boot ::            (v4.0.0-RC1)

2025-10-24T12:17:29.761+09:00  INFO 68372 --- [bff] [           main] vroong.laas.bff.BffApplication           : Starting BffApplication using Java 25 with PID 68372 (/Users/youngchul.shin/ws/vroong/vroong-laas-eda-poc/laas/bff/build/classes/java/main started by youngchul.shin in /Users/youngchul.shin/ws/vroong/vroong-laas-eda-poc/laas/bff)
2025-10-24T12:17:29.762+09:00  INFO 68372 --- [bff] [           main] vroong.laas.bff.BffApplication           : No active profile set, falling back to 1 default profile: "default"
2025-10-24T12:17:29.962+09:00  INFO 68372 --- [bff] [           main] o.s.cloud.context.scope.GenericScope     : BeanFactory id=c03acd93-8fe0-3847-84b3-961121bcf41f
2025-10-24T12:17:30.164+09:00  INFO 68372 --- [bff] [           main] o.s.c.g.r.RouteDefinitionRouteLocator    : Loaded RoutePredicateFactory [After]
2025-10-24T12:17:30.164+09:00  INFO 68372 --- [bff] [           main] o.s.c.g.r.RouteDefinitionRouteLocator    : Loaded RoutePredicateFactory [Before]
2025-10-24T12:17:30.164+09:00  INFO 68372 --- [bff] [           main] o.s.c.g.r.RouteDefinitionRouteLocator    : Loaded RoutePredicateFactory [Between]
2025-10-24T12:17:30.164+09:00  INFO 68372 --- [bff] [           main] o.s.c.g.r.RouteDefinitionRouteLocator    : Loaded RoutePredicateFactory [Cookie]
2025-10-24T12:17:30.164+09:00  INFO 68372 --- [bff] [           main] o.s.c.g.r.RouteDefinitionRouteLocator    : Loaded RoutePredicateFactory [Header]
2025-10-24T12:17:30.164+09:00  INFO 68372 --- [bff] [           main] o.s.c.g.r.RouteDefinitionRouteLocator    : Loaded RoutePredicateFactory [Host]
2025-10-24T12:17:30.164+09:00  INFO 68372 --- [bff] [           main] o.s.c.g.r.RouteDefinitionRouteLocator    : Loaded RoutePredicateFactory [Method]
2025-10-24T12:17:30.164+09:00  INFO 68372 --- [bff] [           main] o.s.c.g.r.RouteDefinitionRouteLocator    : Loaded RoutePredicateFactory [Path]
2025-10-24T12:17:30.164+09:00  INFO 68372 --- [bff] [           main] o.s.c.g.r.RouteDefinitionRouteLocator    : Loaded RoutePredicateFactory [Query]
2025-10-24T12:17:30.164+09:00  INFO 68372 --- [bff] [           main] o.s.c.g.r.RouteDefinitionRouteLocator    : Loaded RoutePredicateFactory [ReadBody]
2025-10-24T12:17:30.164+09:00  INFO 68372 --- [bff] [           main] o.s.c.g.r.RouteDefinitionRouteLocator    : Loaded RoutePredicateFactory [RemoteAddr]
2025-10-24T12:17:30.164+09:00  INFO 68372 --- [bff] [           main] o.s.c.g.r.RouteDefinitionRouteLocator    : Loaded RoutePredicateFactory [Version]
2025-10-24T12:17:30.164+09:00  INFO 68372 --- [bff] [           main] o.s.c.g.r.RouteDefinitionRouteLocator    : Loaded RoutePredicateFactory [XForwardedRemoteAddr]
2025-10-24T12:17:30.164+09:00  INFO 68372 --- [bff] [           main] o.s.c.g.r.RouteDefinitionRouteLocator    : Loaded RoutePredicateFactory [Weight]
2025-10-24T12:17:30.164+09:00  INFO 68372 --- [bff] [           main] o.s.c.g.r.RouteDefinitionRouteLocator    : Loaded RoutePredicateFactory [CloudFoundryRouteService]
2025-10-24T12:17:30.265+09:00  INFO 68372 --- [bff] [           main] o.s.boot.reactor.netty.NettyWebServer    : Netty started on port 8085 (http)
2025-10-24T12:17:30.275+09:00  INFO 68372 --- [bff] [           main] vroong.laas.bff.BffApplication           : Started BffApplication in 0.656 seconds (process running for 0.846)
2025-10-24T12:21:32.985+09:00  INFO 68372 --- [bff] [ionShutdownHook] o.s.boot.reactor.netty.GracefulShutdown  : Commencing graceful shutdown. Waiting for active requests to complete
2025-10-24T12:21:32.986+09:00  INFO 68372 --- [bff] [ netty-shutdown] o.s.boot.reactor.netty.GracefulShutdown  : Graceful shutdown complete

> Task :bff:bootRun FAILED

[Incubating] Problems report is available at: file:///Users/youngchul.shin/ws/vroong/vroong-laas-eda-poc/laas/build/reports/problems/problems-report.html

FAILURE: Build failed with an exception.

* What went wrong:
Execution failed for task ':bff:bootRun'.
> Process 'command '/Users/youngchul.shin/.sdkman/candidates/java/25.fx-librca/bin/java'' finished with non-zero exit value 143

* Try:
> Run with --stacktrace option to get the stack trace.
> Run with --info or --debug option to get more log output.
> Run with --scan to generate a Build Scan (Powered by Develocity).
> Get more help at https://help.gradle.org.

Deprecated Gradle features were used in this build, making it incompatible with Gradle 10.

You can use '--warning-mode all' to show the individual deprecation warnings and determine if they come from your own scripts or plugins.

For more on this, please refer to https://docs.gradle.org/9.1.0/userguide/command_line_interface.html#sec:command_line_warnings in the Gradle documentation.

BUILD FAILED in 4m 6s
4 actionable tasks: 1 executed, 3 up-to-date
