> Task :bff:compileJava UP-TO-DATE
> Task :bff:processResources
> Task :bff:classes
> Task :bff:resolveMainClassName

> Task :bff:bootRun

  .   ____          _            __ _ _
 /\\ / ___'_ __ _ _(_)_ __  __ _ \ \ \ \
( ( )\___ | '_ | '_| | '_ \/ _` | \ \ \ \
 \\/  ___)| |_)| | | | | || (_| |  ) ) ) )
  '  |____| .__|_| |_|_| |_\__, | / / / /
 =========|_|==============|___/=/_/_/_/

 :: Spring Boot ::            (v4.0.0-RC1)

2025-10-24T15:17:44.694+09:00  INFO 95399 --- [bff] [           main] vroong.laas.bff.BffApplication           : Starting BffApplication using Java 25 with PID 95399 (/Users/youngchul.shin/ws/vroong/vroong-laas-eda-poc/laas/bff/build/classes/java/main started by youngchul.shin in /Users/youngchul.shin/ws/vroong/vroong-laas-eda-poc/laas/bff)
2025-10-24T15:17:44.695+09:00  INFO 95399 --- [bff] [           main] vroong.laas.bff.BffApplication           : The following 1 profile is active: "dev"
2025-10-24T15:17:44.906+09:00  INFO 95399 --- [bff] [           main] o.s.cloud.context.scope.GenericScope     : BeanFactory id=8b5ac958-8133-3805-affc-b4123fe19315
2025-10-24T15:17:45.107+09:00  INFO 95399 --- [bff] [           main] o.s.c.g.r.RouteDefinitionRouteLocator    : Loaded RoutePredicateFactory [After]
2025-10-24T15:17:45.107+09:00  INFO 95399 --- [bff] [           main] o.s.c.g.r.RouteDefinitionRouteLocator    : Loaded RoutePredicateFactory [Before]
2025-10-24T15:17:45.107+09:00  INFO 95399 --- [bff] [           main] o.s.c.g.r.RouteDefinitionRouteLocator    : Loaded RoutePredicateFactory [Between]
2025-10-24T15:17:45.107+09:00  INFO 95399 --- [bff] [           main] o.s.c.g.r.RouteDefinitionRouteLocator    : Loaded RoutePredicateFactory [Cookie]
2025-10-24T15:17:45.107+09:00  INFO 95399 --- [bff] [           main] o.s.c.g.r.RouteDefinitionRouteLocator    : Loaded RoutePredicateFactory [Header]
2025-10-24T15:17:45.107+09:00  INFO 95399 --- [bff] [           main] o.s.c.g.r.RouteDefinitionRouteLocator    : Loaded RoutePredicateFactory [Host]
2025-10-24T15:17:45.107+09:00  INFO 95399 --- [bff] [           main] o.s.c.g.r.RouteDefinitionRouteLocator    : Loaded RoutePredicateFactory [Method]
2025-10-24T15:17:45.107+09:00  INFO 95399 --- [bff] [           main] o.s.c.g.r.RouteDefinitionRouteLocator    : Loaded RoutePredicateFactory [Path]
2025-10-24T15:17:45.107+09:00  INFO 95399 --- [bff] [           main] o.s.c.g.r.RouteDefinitionRouteLocator    : Loaded RoutePredicateFactory [Query]
2025-10-24T15:17:45.108+09:00  INFO 95399 --- [bff] [           main] o.s.c.g.r.RouteDefinitionRouteLocator    : Loaded RoutePredicateFactory [ReadBody]
2025-10-24T15:17:45.108+09:00  INFO 95399 --- [bff] [           main] o.s.c.g.r.RouteDefinitionRouteLocator    : Loaded RoutePredicateFactory [RemoteAddr]
2025-10-24T15:17:45.108+09:00  INFO 95399 --- [bff] [           main] o.s.c.g.r.RouteDefinitionRouteLocator    : Loaded RoutePredicateFactory [Version]
2025-10-24T15:17:45.108+09:00  INFO 95399 --- [bff] [           main] o.s.c.g.r.RouteDefinitionRouteLocator    : Loaded RoutePredicateFactory [XForwardedRemoteAddr]
2025-10-24T15:17:45.108+09:00  INFO 95399 --- [bff] [           main] o.s.c.g.r.RouteDefinitionRouteLocator    : Loaded RoutePredicateFactory [Weight]
2025-10-24T15:17:45.108+09:00  INFO 95399 --- [bff] [           main] o.s.c.g.r.RouteDefinitionRouteLocator    : Loaded RoutePredicateFactory [CloudFoundryRouteService]
2025-10-24T15:17:45.204+09:00  INFO 95399 --- [bff] [           main] o.s.boot.reactor.netty.NettyWebServer    : Netty started on port 8085 (http)
2025-10-24T15:17:45.217+09:00  INFO 95399 --- [bff] [           main] vroong.laas.bff.BffApplication           : Started BffApplication in 0.669 seconds (process running for 0.876)
