
  .   ____          _            __ _ _
 /\\ / ___'_ __ _ _(_)_ __  __ _ \ \ \ \
( ( )\___ | '_ | '_| | '_ \/ _` | \ \ \ \
 \\/  ___)| |_)| | | | | || (_| |  ) ) ) )
  '  |____| .__|_| |_|_| |_\__, | / / / /
 =========|_|==============|___/=/_/_/_/

 :: Spring Boot ::             (v4.0.0-M3)

2025-10-23 16:35:38 - Starting BffApplication using Java 25 with PID 68471 (/Users/youngchul.shin/ws/vroong/vroong-laas-eda-poc/laas/bff/build/libs/bff.jar started by youngchul.shin in /Users/youngchul.shin/ws/vroong/vroong-laas-eda-poc/laas)
2025-10-23 16:35:38 - Running with Spring Boot v4.0.0-M3, Spring v7.0.0-M9
2025-10-23 16:35:38 - The following 1 profile is active: "local"
2025-10-23 16:35:38 - Multiple Spring Data modules found, entering strict repository configuration mode
2025-10-23 16:35:38 - Bootstrapping Spring Data Reactive MongoDB repositories in DEFAULT mode.
2025-10-23 16:35:38 - Finished Spring Data repository scanning in 2 ms. Found 0 Reactive MongoDB repository interfaces.
2025-10-23 16:35:38 - Multiple Spring Data modules found, entering strict repository configuration mode
2025-10-23 16:35:38 - Bootstrapping Spring Data Redis repositories in DEFAULT mode.
2025-10-23 16:35:38 - Finished Spring Data repository scanning in 4 ms. Found 0 Redis repository interfaces.
WARNING: A restricted method in java.lang.System has been called
WARNING: java.lang.System::loadLibrary has been called by io.netty.util.internal.NativeLibraryUtil in an unnamed module (jar:nested:/Users/youngchul.shin/ws/vroong/vroong-laas-eda-poc/laas/bff/build/libs/bff.jar/!BOOT-INF/lib/netty-common-4.2.6.Final.jar!/)
WARNING: Use --enable-native-access=ALL-UNNAMED to avoid a warning for callers in this module
WARNING: Restricted methods will be blocked in a future release unless native access is enabled

2025-10-23 16:35:39 - Unable to load io.netty.resolver.dns.macos.MacOSDnsServerAddressStreamProvider, fallback to system defaults. This may result in incorrect DNS resolutions on MacOS. Check whether you have a dependency on 'io.netty:netty-resolver-dns-native-macos'. Use DEBUG level to see the full stack: java.lang.UnsatisfiedLinkError: failed to load the required native library
2025-10-23 16:35:39 - MongoClient with metadata {"driver": {"name": "mongo-java-driver|reactive-streams", "version": "5.6.0"}, "os": {"type": "Darwin", "name": "Mac OS X", "architecture": "aarch64", "version": "15.5"}, "platform": "Java/BellSoft/25+37-LTS"} created with settings MongoClientSettings{readPreference=primary, writeConcern=WriteConcern{w=null, wTimeout=null ms, journal=null}, retryWrites=true, retryReads=true, readConcern=ReadConcern{level=null}, credential=MongoCredential{mechanism=null, userName='root', source='admin', password=<hidden>, mechanismProperties=<hidden>}, transportSettings=null, commandListeners=[], codecRegistry=ProvidersCodecRegistry{codecProviders=[ValueCodecProvider{}, BsonValueCodecProvider{}, DBRefCodecProvider{}, DBObjectCodecProvider{}, DocumentCodecProvider{}, CollectionCodecProvider{}, IterableCodecProvider{}, MapCodecProvider{}, GeoJsonCodecProvider{}, GridFSFileCodecProvider{}, Jsr310CodecProvider{}, JsonObjectCodecProvider{}, BsonCodecProvider{}, com.mongodb.client.model.mql.ExpressionCodecProvider@41a23470, com.mongodb.Jep395RecordCodecProvider@30c01c37, com.mongodb.KotlinCodecProvider@39a7eca5, EnumCodecProvider{}]}, loggerSettings=LoggerSettings{maxDocumentLength=1000}, clusterSettings={hosts=[localhost:27017], srvServiceName=mongodb, mode=SINGLE, requiredClusterType=UNKNOWN, requiredReplicaSetName='null', serverSelector='null', clusterListeners='[]', serverSelectionTimeout='30000 ms', localThreshold='15 ms'}, socketSettings=SocketSettings{connectTimeoutMS=10000, readTimeoutMS=0, receiveBufferSize=0, proxySettings=ProxySettings{host=null, port=null, username=null, password=null}}, heartbeatSocketSettings=SocketSettings{connectTimeoutMS=10000, readTimeoutMS=10000, receiveBufferSize=0, proxySettings=ProxySettings{host=null, port=null, username=null, password=null}}, connectionPoolSettings=ConnectionPoolSettings{maxSize=100, minSize=0, maxWaitTimeMS=120000, maxConnectionLifeTimeMS=0, maxConnectionIdleTimeMS=0, maintenanceInitialDelayMS=0, maintenanceFrequencyMS=60000, connectionPoolListeners=[], maxConnecting=2}, serverSettings=ServerSettings{heartbeatFrequencyMS=10000, minHeartbeatFrequencyMS=500, serverMonitoringMode=AUTO, serverListeners='[]', serverMonitorListeners='[]'}, sslSettings=SslSettings{enabled=false, invalidHostNameAllowed=false, context=null}, applicationName='null', compressorList=[], uuidRepresentation=UNSPECIFIED, serverApi=null, autoEncryptionSettings=null, dnsClient=null, inetAddressResolver=null, contextProvider=null, timeoutMS=null}
2025-10-23 16:35:39 - Monitor thread successfully connected to server with description ServerDescription{address=localhost:27017, type=STANDALONE, cryptd=false, state=CONNECTED, ok=true, minWireVersion=0, maxWireVersion=21, maxDocumentSize=16777216, logicalSessionTimeoutMinutes=30, roundTripTimeNanos=11108292, minRoundTripTimeNanos=0}
2025-10-23 16:35:39 - 8 mappings in 'requestMappingHandlerMapping'
2025-10-23 16:35:39 - Patterns [/webjars/**, /**] in 'resourceHandlerMapping'
2025-10-23 16:35:39 - ControllerAdvice beans: 0 @ModelAttribute, 0 @InitBinder, 1 @ExceptionHandler
2025-10-23 16:35:39 - MongoClient with metadata {"driver": {"name": "mongo-java-driver|sync|spring-boot", "version": "5.6.0"}, "os": {"type": "Darwin", "name": "Mac OS X", "architecture": "aarch64", "version": "15.5"}, "platform": "Java/BellSoft/25+37-LTS"} created with settings MongoClientSettings{readPreference=primary, writeConcern=WriteConcern{w=null, wTimeout=null ms, journal=null}, retryWrites=true, retryReads=true, readConcern=ReadConcern{level=null}, credential=null, transportSettings=NettyTransportSettings{eventLoopGroup=io.netty.channel.MultiThreadIoEventLoopGroup@38968752, socketChannelClass=null, allocator=null, sslContext=null}, commandListeners=[], codecRegistry=ProvidersCodecRegistry{codecProviders=[ValueCodecProvider{}, BsonValueCodecProvider{}, DBRefCodecProvider{}, DBObjectCodecProvider{}, DocumentCodecProvider{}, CollectionCodecProvider{}, IterableCodecProvider{}, MapCodecProvider{}, GeoJsonCodecProvider{}, GridFSFileCodecProvider{}, Jsr310CodecProvider{}, JsonObjectCodecProvider{}, BsonCodecProvider{}, com.mongodb.client.model.mql.ExpressionCodecProvider@41a23470, com.mongodb.Jep395RecordCodecProvider@30c01c37, com.mongodb.KotlinCodecProvider@39a7eca5, EnumCodecProvider{}]}, loggerSettings=LoggerSettings{maxDocumentLength=1000}, clusterSettings={hosts=[localhost:27017], srvServiceName=mongodb, mode=SINGLE, requiredClusterType=UNKNOWN, requiredReplicaSetName='null', serverSelector='null', clusterListeners='[]', serverSelectionTimeout='30000 ms', localThreshold='15 ms'}, socketSettings=SocketSettings{connectTimeoutMS=10000, readTimeoutMS=0, receiveBufferSize=0, proxySettings=ProxySettings{host=null, port=null, username=null, password=null}}, heartbeatSocketSettings=SocketSettings{connectTimeoutMS=10000, readTimeoutMS=10000, receiveBufferSize=0, proxySettings=ProxySettings{host=null, port=null, username=null, password=null}}, connectionPoolSettings=ConnectionPoolSettings{maxSize=100, minSize=0, maxWaitTimeMS=120000, maxConnectionLifeTimeMS=0, maxConnectionIdleTimeMS=0, maintenanceInitialDelayMS=0, maintenanceFrequencyMS=60000, connectionPoolListeners=[], maxConnecting=2}, serverSettings=ServerSettings{heartbeatFrequencyMS=10000, minHeartbeatFrequencyMS=500, serverMonitoringMode=AUTO, serverListeners='[]', serverMonitorListeners='[]'}, sslSettings=SslSettings{enabled=false, invalidHostNameAllowed=false, context=null}, applicationName='null', compressorList=[], uuidRepresentation=UNSPECIFIED, serverApi=null, autoEncryptionSettings=null, dnsClient=null, inetAddressResolver=null, contextProvider=null, timeoutMS=null}
2025-10-23 16:35:39 - MongoClient with metadata {"driver": {"name": "mongo-java-driver|reactive-streams|spring-boot", "version": "5.6.0"}, "os": {"type": "Darwin", "name": "Mac OS X", "architecture": "aarch64", "version": "15.5"}, "platform": "Java/BellSoft/25+37-LTS"} created with settings MongoClientSettings{readPreference=primary, writeConcern=WriteConcern{w=null, wTimeout=null ms, journal=null}, retryWrites=true, retryReads=true, readConcern=ReadConcern{level=null}, credential=null, transportSettings=NettyTransportSettings{eventLoopGroup=io.netty.channel.MultiThreadIoEventLoopGroup@4a5066f5, socketChannelClass=null, allocator=null, sslContext=null}, commandListeners=[], codecRegistry=ProvidersCodecRegistry{codecProviders=[ValueCodecProvider{}, BsonValueCodecProvider{}, DBRefCodecProvider{}, DBObjectCodecProvider{}, DocumentCodecProvider{}, CollectionCodecProvider{}, IterableCodecProvider{}, MapCodecProvider{}, GeoJsonCodecProvider{}, GridFSFileCodecProvider{}, Jsr310CodecProvider{}, JsonObjectCodecProvider{}, BsonCodecProvider{}, com.mongodb.client.model.mql.ExpressionCodecProvider@41a23470, com.mongodb.Jep395RecordCodecProvider@30c01c37, com.mongodb.KotlinCodecProvider@39a7eca5, EnumCodecProvider{}]}, loggerSettings=LoggerSettings{maxDocumentLength=1000}, clusterSettings={hosts=[localhost:27017], srvServiceName=mongodb, mode=SINGLE, requiredClusterType=UNKNOWN, requiredReplicaSetName='null', serverSelector='null', clusterListeners='[]', serverSelectionTimeout='30000 ms', localThreshold='15 ms'}, socketSettings=SocketSettings{connectTimeoutMS=10000, readTimeoutMS=0, receiveBufferSize=0, proxySettings=ProxySettings{host=null, port=null, username=null, password=null}}, heartbeatSocketSettings=SocketSettings{connectTimeoutMS=10000, readTimeoutMS=10000, receiveBufferSize=0, proxySettings=ProxySettings{host=null, port=null, username=null, password=null}}, connectionPoolSettings=ConnectionPoolSettings{maxSize=100, minSize=0, maxWaitTimeMS=120000, maxConnectionLifeTimeMS=0, maxConnectionIdleTimeMS=0, maintenanceInitialDelayMS=0, maintenanceFrequencyMS=60000, connectionPoolListeners=[], maxConnecting=2}, serverSettings=ServerSettings{heartbeatFrequencyMS=10000, minHeartbeatFrequencyMS=500, serverMonitoringMode=AUTO, serverListeners='[]', serverMonitorListeners='[]'}, sslSettings=SslSettings{enabled=false, invalidHostNameAllowed=false, context=null}, applicationName='null', compressorList=[], uuidRepresentation=UNSPECIFIED, serverApi=null, autoEncryptionSettings=null, dnsClient=null, inetAddressResolver=null, contextProvider=null, timeoutMS=null}
2025-10-23 16:35:39 - Monitor thread successfully connected to server with description ServerDescription{address=localhost:27017, type=STANDALONE, cryptd=false, state=CONNECTED, ok=true, minWireVersion=0, maxWireVersion=21, maxDocumentSize=16777216, logicalSessionTimeoutMinutes=30, roundTripTimeNanos=34654125, minRoundTripTimeNanos=0}
2025-10-23 16:35:39 - Monitor thread successfully connected to server with description ServerDescription{address=localhost:27017, type=STANDALONE, cryptd=false, state=CONNECTED, ok=true, minWireVersion=0, maxWireVersion=21, maxDocumentSize=16777216, logicalSessionTimeoutMinutes=30, roundTripTimeNanos=33981958, minRoundTripTimeNanos=0}
2025-10-23 16:35:39 - Netty started on port 8004 (http)
2025-10-23 16:35:39 - Started BffApplication in 1.283 seconds (process running for 1.487)
2025-10-23 16:35:56 - [36a3327b-c4f3-4ab5-ac42-7dea5c0490cd] GET /health
2025-10-23 16:35:56 - [b53fb6ba-1] Mapped to vroong.laas.bff.controller.HealthController#health()
2025-10-23 16:35:56 - [b53fb6ba-1] Using 'application/json' given [*/*] and supported [application/json, application/*+json, application/x-ndjson, text/event-stream]
2025-10-23 16:35:56 - [b53fb6ba-1] 0..1 [java.util.Map<java.lang.String, java.lang.Object>]
2025-10-23 16:35:56 - [36a3327b-c4f3-4ab5-ac42-7dea5c0490cd] Completed in 26ms - Status: 200 OK
2025-10-23 16:35:56 - [1de17f41-64db-4827-b25a-d7f2260cba49] GET /api/v1/orders/1
2025-10-23 16:35:56 - [8bedbb9c-2] Mapped to vroong.laas.bff.controller.OrderQueryController#getOrder(Long)
2025-10-23 16:35:56 - GET /api/v1/orders/1
2025-10-23 16:35:56 - [8bedbb9c-2] Using 'application/json' given [*/*] and supported [application/json, application/*+json, application/x-ndjson, text/event-stream]
2025-10-23 16:35:56 - [8bedbb9c-2] 0..1 [vroong.laas.bff.dto.ApiResponse<vroong.laas.bff.model.OrderProjection>]
2025-10-23 16:35:56 - Cache MISS: Fallback to MongoDB orderId=1
2025-10-23 16:35:56 - Found in MongoDB: orderId=1
2025-10-23 16:35:56 - Fallback SUCCESS: MongoDB orderId=1
2025-10-23 16:35:56 - [1de17f41-64db-4827-b25a-d7f2260cba49] Completed in 223ms - Status: 200 OK
2025-10-23 16:36:27 - Commencing graceful shutdown. Waiting for active requests to complete
2025-10-23 16:36:27 - Graceful shutdown complete
